<?xml version="1.0" encoding="UTF-8"?>
<!-- Generated by org.testng.reporters.JUnitReportReporter -->
<testsuite hostname="DESKTOP-NT3OAVC" failures="0" tests="1" name="android_test.AndroidTestingClass" time="32.953" errors="0" timestamp="2024-12-15T18:13:29 BDT" skipped="0">
  <testcase classname="android_test.AndroidTestingClass" name="sampleTest" time="32.953"/>
  <system-out/>
</testsuite> <!-- android_test.AndroidTestingClass -->
